[05:09:42] [ServerMain/INFO]: Environment: authHost='https://authserver.mojang.com', accountsHost='https://api.mojang.com', sessionHost='https://sessionserver.mojang.com', servicesHost='https://api.minecraftservices.com', name='PROD'
[05:09:42] [ServerMain/INFO]: Found new data pack file/bukkit, loading it automatically
[05:09:43] [ServerMain/INFO]: Loaded 7 recipes
[05:09:44] [Server thread/INFO]: Starting minecraft server version 1.20.1
[05:09:44] [Server thread/INFO]: Loading properties
[05:09:44] [Server thread/INFO]: This server is running Paper version git-Paper-196 (MC: 1.20.1) (Implementing API version 1.20.1-R0.1-SNAPSHOT) (Git: 773dd72)
[05:09:44] [Server thread/INFO]: Server Ping Player Sample Count: 12
[05:09:44] [Server thread/INFO]: Using 4 threads for Netty based IO
[05:09:45] [Server thread/INFO]: [ChunkTaskScheduler] Chunk system is using 1 I/O threads, 1 worker threads, and gen parallelism of 1 threads
[05:09:45] [Server thread/WARN]: [!] The timings profiler has been enabled but has been scheduled for removal from Paper in the future.
    We recommend installing the spark profiler as a replacement: https://spark.lucko.me/
    For more information please visit: https://github.com/PaperMC/Paper/issues/8948
[05:09:45] [Server thread/INFO]: Default game type: SURVIVAL
[05:09:45] [Server thread/INFO]: Generating keypair
[05:09:45] [Server thread/INFO]: Starting Minecraft server on *:25565
[05:09:45] [Server thread/INFO]: Using epoll channel type
[05:09:45] [Server thread/INFO]: Paper: Using libdeflate (Linux x86_64) compression from Velocity.
[05:09:45] [Server thread/INFO]: Paper: Using OpenSSL 1.1.x (Linux x86_64) cipher from Velocity.
[05:09:45] [Server thread/WARN]: **** SERVER IS RUNNING IN OFFLINE/INSECURE MODE!
[05:09:45] [Server thread/WARN]: The server will make no attempt to authenticate usernames. Beware.
[05:09:45] [Server thread/WARN]: While this makes the game possible to play without internet access, it also opens up the ability for hackers to connect with any username they choose.
[05:09:45] [Server thread/WARN]: To change this, set "online-mode" to "true" in the server.properties file.
[05:09:45] [Server thread/INFO]: Preparing level "world"
[05:09:55] [Server thread/INFO]: Preparing start region for dimension minecraft:overworld
[05:09:56] [Server thread/INFO]: Time elapsed: 164 ms
[05:09:56] [Server thread/INFO]: Preparing start region for dimension minecraft:the_nether
[05:09:56] [Server thread/INFO]: Time elapsed: 103 ms
[05:09:56] [Server thread/INFO]: Preparing start region for dimension minecraft:the_end
[05:09:56] [Server thread/INFO]: Time elapsed: 156 ms
[05:09:56] [Server thread/INFO]: Running delayed init tasks
[05:09:56] [Server thread/INFO]: Done (12.024s)! For help, type "help"
[05:09:56] [Server thread/INFO]: Timings Reset
[05:12:19] [User Authenticator #0/INFO]: UUID of player Joshua124_ is df1af1e5-3aeb-3d44-9f36-b84d415de19c
[05:12:19] [Server thread/INFO]: Joshua124_ joined the game
[05:12:19] [Server thread/INFO]: Joshua124_[/127.69.6.239:34995] logged in with entity id 248 at ([world]8.5, 93.0, 9.5)
[05:12:28] [Server thread/INFO]: Made Joshua124_ a server operator
[05:12:30] [Server thread/INFO]: Joshua124_ issued server command: /gamemode creative
[05:12:30] [Server thread/INFO]: [Joshua124_: Set own game mode to Creative Mode]
[05:12:31] [Server thread/INFO]: Joshua124_ issued server command: /pl
[05:12:36] [Server thread/INFO]: Joshua124_ issued server command: /seed
[05:12:44] [Server thread/INFO]: Joshua124_ issued server command: /tps
[05:19:16] [Server thread/INFO]: Joshua124_ issued server command: /give Joshua124_ minecraft:ancient_debris
[05:19:16] [Server thread/INFO]: Joshua124_ has made the advancement [Hidden in the Depths]
[05:19:16] [Server thread/INFO]: [Joshua124_: Gave 1 [Ancient Debris] to Joshua124_]
